<?xml version="1.0" encoding="UTF-8"?>
<testsuite xmlns:xsi="http://www.w3.org/2001/XMLSchema-instance" xsi:noNamespaceSchemaLocation="https://maven.apache.org/surefire/maven-surefire-plugin/xsd/surefire-test-report.xsd" name="dev.chaitaliJ.CLIApplication.Validator.FileValidatorTest" time="0" tests="3" errors="0" skipped="0" failures="0">
  <properties>
    <property name="java.specification.version" value="22"/>
    <property name="sun.jnu.encoding" value="UTF-8"/>
    <property name="java.class.path" value="/Users/chaitalijoshi/Downloads/CLIApplication_multitone/target/test-classes:/Users/chaitalijoshi/Downloads/CLIApplication_multitone/target/classes:/Users/chaitalijoshi/.m2/repository/org/springframework/boot/spring-boot-starter/3.0.3/spring-boot-starter-3.0.3.jar:/Users/chaitalijoshi/.m2/repository/org/springframework/boot/spring-boot/3.0.3/spring-boot-3.0.3.jar:/Users/chaitalijoshi/.m2/repository/org/springframework/spring-context/6.0.5/spring-context-6.0.5.jar:/Users/chaitalijoshi/.m2/repository/org/springframework/spring-aop/6.0.5/spring-aop-6.0.5.jar:/Users/chaitalijoshi/.m2/repository/org/springframework/spring-expression/6.0.5/spring-expression-6.0.5.jar:/Users/chaitalijoshi/.m2/repository/org/springframework/boot/spring-boot-autoconfigure/3.0.3/spring-boot-autoconfigure-3.0.3.jar:/Users/chaitalijoshi/.m2/repository/org/springframework/boot/spring-boot-starter-logging/3.0.3/spring-boot-starter-logging-3.0.3.jar:/Users/chaitalijoshi/.m2/repository/ch/qos/logback/logback-classic/1.4.5/logback-classic-1.4.5.jar:/Users/chaitalijoshi/.m2/repository/ch/qos/logback/logback-core/1.4.5/logback-core-1.4.5.jar:/Users/chaitalijoshi/.m2/repository/org/apache/logging/log4j/log4j-to-slf4j/2.19.0/log4j-to-slf4j-2.19.0.jar:/Users/chaitalijoshi/.m2/repository/org/apache/logging/log4j/log4j-api/2.19.0/log4j-api-2.19.0.jar:/Users/chaitalijoshi/.m2/repository/org/slf4j/jul-to-slf4j/2.0.6/jul-to-slf4j-2.0.6.jar:/Users/chaitalijoshi/.m2/repository/jakarta/annotation/jakarta.annotation-api/2.1.1/jakarta.annotation-api-2.1.1.jar:/Users/chaitalijoshi/.m2/repository/org/springframework/spring-core/6.0.5/spring-core-6.0.5.jar:/Users/chaitalijoshi/.m2/repository/org/springframework/spring-jcl/6.0.5/spring-jcl-6.0.5.jar:/Users/chaitalijoshi/.m2/repository/org/yaml/snakeyaml/1.33/snakeyaml-1.33.jar:/Users/chaitalijoshi/.m2/repository/org/springframework/spring-webflux/6.0.5/spring-webflux-6.0.5.jar:/Users/chaitalijoshi/.m2/repository/org/springframework/spring-beans/6.0.5/spring-beans-6.0.5.jar:/Users/chaitalijoshi/.m2/repository/org/springframework/spring-web/6.0.5/spring-web-6.0.5.jar:/Users/chaitalijoshi/.m2/repository/io/micrometer/micrometer-observation/1.10.4/micrometer-observation-1.10.4.jar:/Users/chaitalijoshi/.m2/repository/io/micrometer/micrometer-commons/1.10.4/micrometer-commons-1.10.4.jar:/Users/chaitalijoshi/.m2/repository/io/projectreactor/reactor-core/3.5.3/reactor-core-3.5.3.jar:/Users/chaitalijoshi/.m2/repository/org/reactivestreams/reactive-streams/1.0.4/reactive-streams-1.0.4.jar:/Users/chaitalijoshi/.m2/repository/org/springframework/boot/spring-boot-starter-json/3.0.3/spring-boot-starter-json-3.0.3.jar:/Users/chaitalijoshi/.m2/repository/com/fasterxml/jackson/core/jackson-databind/2.14.2/jackson-databind-2.14.2.jar:/Users/chaitalijoshi/.m2/repository/com/fasterxml/jackson/core/jackson-annotations/2.14.2/jackson-annotations-2.14.2.jar:/Users/chaitalijoshi/.m2/repository/com/fasterxml/jackson/core/jackson-core/2.14.2/jackson-core-2.14.2.jar:/Users/chaitalijoshi/.m2/repository/com/fasterxml/jackson/datatype/jackson-datatype-jdk8/2.14.2/jackson-datatype-jdk8-2.14.2.jar:/Users/chaitalijoshi/.m2/repository/com/fasterxml/jackson/datatype/jackson-datatype-jsr310/2.14.2/jackson-datatype-jsr310-2.14.2.jar:/Users/chaitalijoshi/.m2/repository/com/fasterxml/jackson/module/jackson-module-parameter-names/2.14.2/jackson-module-parameter-names-2.14.2.jar:/Users/chaitalijoshi/.m2/repository/org/springframework/shell/spring-shell-starter/3.0.0/spring-shell-starter-3.0.0.jar:/Users/chaitalijoshi/.m2/repository/org/springframework/shell/spring-shell-autoconfigure/3.0.0/spring-shell-autoconfigure-3.0.0.jar:/Users/chaitalijoshi/.m2/repository/org/springframework/shell/spring-shell-core/3.0.0/spring-shell-core-3.0.0.jar:/Users/chaitalijoshi/.m2/repository/org/springframework/boot/spring-boot-starter-validation/3.0.3/spring-boot-starter-validation-3.0.3.jar:/Users/chaitalijoshi/.m2/repository/org/apache/tomcat/embed/tomcat-embed-el/10.1.5/tomcat-embed-el-10.1.5.jar:/Users/chaitalijoshi/.m2/repository/org/hibernate/validator/hibernate-validator/8.0.0.Final/hibernate-validator-8.0.0.Final.jar:/Users/chaitalijoshi/.m2/repository/jakarta/validation/jakarta.validation-api/3.0.2/jakarta.validation-api-3.0.2.jar:/Users/chaitalijoshi/.m2/repository/org/jboss/logging/jboss-logging/3.5.0.Final/jboss-logging-3.5.0.Final.jar:/Users/chaitalijoshi/.m2/repository/com/fasterxml/classmate/1.5.1/classmate-1.5.1.jar:/Users/chaitalijoshi/.m2/repository/org/springframework/spring-messaging/6.0.5/spring-messaging-6.0.5.jar:/Users/chaitalijoshi/.m2/repository/org/jline/jline/3.21.0/jline-3.21.0.jar:/Users/chaitalijoshi/.m2/repository/org/antlr/ST4/4.3.1/ST4-4.3.1.jar:/Users/chaitalijoshi/.m2/repository/org/antlr/antlr-runtime/3.5.2/antlr-runtime-3.5.2.jar:/Users/chaitalijoshi/.m2/repository/commons-io/commons-io/2.11.0/commons-io-2.11.0.jar:/Users/chaitalijoshi/.m2/repository/org/springframework/shell/spring-shell-standard/3.0.0/spring-shell-standard-3.0.0.jar:/Users/chaitalijoshi/.m2/repository/org/springframework/shell/spring-shell-standard-commands/3.0.0/spring-shell-standard-commands-3.0.0.jar:/Users/chaitalijoshi/.m2/repository/org/springframework/shell/spring-shell-table/3.0.0/spring-shell-table-3.0.0.jar:/Users/chaitalijoshi/.m2/repository/org/springframework/boot/spring-boot-starter-test/3.0.3/spring-boot-starter-test-3.0.3.jar:/Users/chaitalijoshi/.m2/repository/org/springframework/boot/spring-boot-test/3.0.3/spring-boot-test-3.0.3.jar:/Users/chaitalijoshi/.m2/repository/org/springframework/boot/spring-boot-test-autoconfigure/3.0.3/spring-boot-test-autoconfigure-3.0.3.jar:/Users/chaitalijoshi/.m2/repository/com/jayway/jsonpath/json-path/2.7.0/json-path-2.7.0.jar:/Users/chaitalijoshi/.m2/repository/net/minidev/json-smart/2.4.8/json-smart-2.4.8.jar:/Users/chaitalijoshi/.m2/repository/net/minidev/accessors-smart/2.4.8/accessors-smart-2.4.8.jar:/Users/chaitalijoshi/.m2/repository/org/ow2/asm/asm/9.1/asm-9.1.jar:/Users/chaitalijoshi/.m2/repository/org/slf4j/slf4j-api/2.0.6/slf4j-api-2.0.6.jar:/Users/chaitalijoshi/.m2/repository/jakarta/xml/bind/jakarta.xml.bind-api/4.0.0/jakarta.xml.bind-api-4.0.0.jar:/Users/chaitalijoshi/.m2/repository/jakarta/activation/jakarta.activation-api/2.1.1/jakarta.activation-api-2.1.1.jar:/Users/chaitalijoshi/.m2/repository/org/assertj/assertj-core/3.23.1/assertj-core-3.23.1.jar:/Users/chaitalijoshi/.m2/repository/net/bytebuddy/byte-buddy/1.12.23/byte-buddy-1.12.23.jar:/Users/chaitalijoshi/.m2/repository/org/hamcrest/hamcrest/2.2/hamcrest-2.2.jar:/Users/chaitalijoshi/.m2/repository/org/junit/jupiter/junit-jupiter/5.9.2/junit-jupiter-5.9.2.jar:/Users/chaitalijoshi/.m2/repository/org/junit/jupiter/junit-jupiter-api/5.9.2/junit-jupiter-api-5.9.2.jar:/Users/chaitalijoshi/.m2/repository/org/opentest4j/opentest4j/1.2.0/opentest4j-1.2.0.jar:/Users/chaitalijoshi/.m2/repository/org/junit/platform/junit-platform-commons/1.9.2/junit-platform-commons-1.9.2.jar:/Users/chaitalijoshi/.m2/repository/org/apiguardian/apiguardian-api/1.1.2/apiguardian-api-1.1.2.jar:/Users/chaitalijoshi/.m2/repository/org/junit/jupiter/junit-jupiter-params/5.9.2/junit-jupiter-params-5.9.2.jar:/Users/chaitalijoshi/.m2/repository/org/junit/jupiter/junit-jupiter-engine/5.9.2/junit-jupiter-engine-5.9.2.jar:/Users/chaitalijoshi/.m2/repository/org/junit/platform/junit-platform-engine/1.9.2/junit-platform-engine-1.9.2.jar:/Users/chaitalijoshi/.m2/repository/org/mockito/mockito-core/4.8.1/mockito-core-4.8.1.jar:/Users/chaitalijoshi/.m2/repository/net/bytebuddy/byte-buddy-agent/1.12.23/byte-buddy-agent-1.12.23.jar:/Users/chaitalijoshi/.m2/repository/org/objenesis/objenesis/3.2/objenesis-3.2.jar:/Users/chaitalijoshi/.m2/repository/org/mockito/mockito-junit-jupiter/4.8.1/mockito-junit-jupiter-4.8.1.jar:/Users/chaitalijoshi/.m2/repository/org/skyscreamer/jsonassert/1.5.1/jsonassert-1.5.1.jar:/Users/chaitalijoshi/.m2/repository/com/vaadin/external/google/android-json/0.0.20131108.vaadin1/android-json-0.0.20131108.vaadin1.jar:/Users/chaitalijoshi/.m2/repository/org/springframework/spring-test/6.0.5/spring-test-6.0.5.jar:/Users/chaitalijoshi/.m2/repository/org/xmlunit/xmlunit-core/2.9.1/xmlunit-core-2.9.1.jar:/Users/chaitalijoshi/.m2/repository/io/projectreactor/reactor-test/3.5.3/reactor-test-3.5.3.jar:/Users/chaitalijoshi/.m2/repository/org/apache/tika/tika-core/1.22/tika-core-1.22.jar:"/>
    <property name="java.vm.vendor" value="Oracle Corporation"/>
    <property name="sun.arch.data.model" value="64"/>
    <property name="java.vendor.url" value="https://java.oracle.com/"/>
    <property name="os.name" value="Mac OS X"/>
    <property name="java.vm.specification.version" value="22"/>
    <property name="sun.java.launcher" value="SUN_STANDARD"/>
    <property name="user.country" value="GB"/>
    <property name="sun.boot.library.path" value="/Library/Java/JavaVirtualMachines/graalvm-jdk-22+36.1/Contents/Home/lib"/>
    <property name="sun.java.command" value="/Users/chaitalijoshi/Downloads/CLIApplication_multitone/target/surefire/surefirebooter729648715046328353.jar /Users/chaitalijoshi/Downloads/CLIApplication_multitone/target/surefire 2024-04-02T15-47-43_388-jvmRun1 surefire12458014378572208133tmp surefire_02647623795414911115tmp"/>
    <property name="http.nonProxyHosts" value="local|*.local|169.254/16|*.169.254/16"/>
    <property name="jdk.debug" value="release"/>
    <property name="surefire.test.class.path" value="/Users/chaitalijoshi/Downloads/CLIApplication_multitone/target/test-classes:/Users/chaitalijoshi/Downloads/CLIApplication_multitone/target/classes:/Users/chaitalijoshi/.m2/repository/org/springframework/boot/spring-boot-starter/3.0.3/spring-boot-starter-3.0.3.jar:/Users/chaitalijoshi/.m2/repository/org/springframework/boot/spring-boot/3.0.3/spring-boot-3.0.3.jar:/Users/chaitalijoshi/.m2/repository/org/springframework/spring-context/6.0.5/spring-context-6.0.5.jar:/Users/chaitalijoshi/.m2/repository/org/springframework/spring-aop/6.0.5/spring-aop-6.0.5.jar:/Users/chaitalijoshi/.m2/repository/org/springframework/spring-expression/6.0.5/spring-expression-6.0.5.jar:/Users/chaitalijoshi/.m2/repository/org/springframework/boot/spring-boot-autoconfigure/3.0.3/spring-boot-autoconfigure-3.0.3.jar:/Users/chaitalijoshi/.m2/repository/org/springframework/boot/spring-boot-starter-logging/3.0.3/spring-boot-starter-logging-3.0.3.jar:/Users/chaitalijoshi/.m2/repository/ch/qos/logback/logback-classic/1.4.5/logback-classic-1.4.5.jar:/Users/chaitalijoshi/.m2/repository/ch/qos/logback/logback-core/1.4.5/logback-core-1.4.5.jar:/Users/chaitalijoshi/.m2/repository/org/apache/logging/log4j/log4j-to-slf4j/2.19.0/log4j-to-slf4j-2.19.0.jar:/Users/chaitalijoshi/.m2/repository/org/apache/logging/log4j/log4j-api/2.19.0/log4j-api-2.19.0.jar:/Users/chaitalijoshi/.m2/repository/org/slf4j/jul-to-slf4j/2.0.6/jul-to-slf4j-2.0.6.jar:/Users/chaitalijoshi/.m2/repository/jakarta/annotation/jakarta.annotation-api/2.1.1/jakarta.annotation-api-2.1.1.jar:/Users/chaitalijoshi/.m2/repository/org/springframework/spring-core/6.0.5/spring-core-6.0.5.jar:/Users/chaitalijoshi/.m2/repository/org/springframework/spring-jcl/6.0.5/spring-jcl-6.0.5.jar:/Users/chaitalijoshi/.m2/repository/org/yaml/snakeyaml/1.33/snakeyaml-1.33.jar:/Users/chaitalijoshi/.m2/repository/org/springframework/spring-webflux/6.0.5/spring-webflux-6.0.5.jar:/Users/chaitalijoshi/.m2/repository/org/springframework/spring-beans/6.0.5/spring-beans-6.0.5.jar:/Users/chaitalijoshi/.m2/repository/org/springframework/spring-web/6.0.5/spring-web-6.0.5.jar:/Users/chaitalijoshi/.m2/repository/io/micrometer/micrometer-observation/1.10.4/micrometer-observation-1.10.4.jar:/Users/chaitalijoshi/.m2/repository/io/micrometer/micrometer-commons/1.10.4/micrometer-commons-1.10.4.jar:/Users/chaitalijoshi/.m2/repository/io/projectreactor/reactor-core/3.5.3/reactor-core-3.5.3.jar:/Users/chaitalijoshi/.m2/repository/org/reactivestreams/reactive-streams/1.0.4/reactive-streams-1.0.4.jar:/Users/chaitalijoshi/.m2/repository/org/springframework/boot/spring-boot-starter-json/3.0.3/spring-boot-starter-json-3.0.3.jar:/Users/chaitalijoshi/.m2/repository/com/fasterxml/jackson/core/jackson-databind/2.14.2/jackson-databind-2.14.2.jar:/Users/chaitalijoshi/.m2/repository/com/fasterxml/jackson/core/jackson-annotations/2.14.2/jackson-annotations-2.14.2.jar:/Users/chaitalijoshi/.m2/repository/com/fasterxml/jackson/core/jackson-core/2.14.2/jackson-core-2.14.2.jar:/Users/chaitalijoshi/.m2/repository/com/fasterxml/jackson/datatype/jackson-datatype-jdk8/2.14.2/jackson-datatype-jdk8-2.14.2.jar:/Users/chaitalijoshi/.m2/repository/com/fasterxml/jackson/datatype/jackson-datatype-jsr310/2.14.2/jackson-datatype-jsr310-2.14.2.jar:/Users/chaitalijoshi/.m2/repository/com/fasterxml/jackson/module/jackson-module-parameter-names/2.14.2/jackson-module-parameter-names-2.14.2.jar:/Users/chaitalijoshi/.m2/repository/org/springframework/shell/spring-shell-starter/3.0.0/spring-shell-starter-3.0.0.jar:/Users/chaitalijoshi/.m2/repository/org/springframework/shell/spring-shell-autoconfigure/3.0.0/spring-shell-autoconfigure-3.0.0.jar:/Users/chaitalijoshi/.m2/repository/org/springframework/shell/spring-shell-core/3.0.0/spring-shell-core-3.0.0.jar:/Users/chaitalijoshi/.m2/repository/org/springframework/boot/spring-boot-starter-validation/3.0.3/spring-boot-starter-validation-3.0.3.jar:/Users/chaitalijoshi/.m2/repository/org/apache/tomcat/embed/tomcat-embed-el/10.1.5/tomcat-embed-el-10.1.5.jar:/Users/chaitalijoshi/.m2/repository/org/hibernate/validator/hibernate-validator/8.0.0.Final/hibernate-validator-8.0.0.Final.jar:/Users/chaitalijoshi/.m2/repository/jakarta/validation/jakarta.validation-api/3.0.2/jakarta.validation-api-3.0.2.jar:/Users/chaitalijoshi/.m2/repository/org/jboss/logging/jboss-logging/3.5.0.Final/jboss-logging-3.5.0.Final.jar:/Users/chaitalijoshi/.m2/repository/com/fasterxml/classmate/1.5.1/classmate-1.5.1.jar:/Users/chaitalijoshi/.m2/repository/org/springframework/spring-messaging/6.0.5/spring-messaging-6.0.5.jar:/Users/chaitalijoshi/.m2/repository/org/jline/jline/3.21.0/jline-3.21.0.jar:/Users/chaitalijoshi/.m2/repository/org/antlr/ST4/4.3.1/ST4-4.3.1.jar:/Users/chaitalijoshi/.m2/repository/org/antlr/antlr-runtime/3.5.2/antlr-runtime-3.5.2.jar:/Users/chaitalijoshi/.m2/repository/commons-io/commons-io/2.11.0/commons-io-2.11.0.jar:/Users/chaitalijoshi/.m2/repository/org/springframework/shell/spring-shell-standard/3.0.0/spring-shell-standard-3.0.0.jar:/Users/chaitalijoshi/.m2/repository/org/springframework/shell/spring-shell-standard-commands/3.0.0/spring-shell-standard-commands-3.0.0.jar:/Users/chaitalijoshi/.m2/repository/org/springframework/shell/spring-shell-table/3.0.0/spring-shell-table-3.0.0.jar:/Users/chaitalijoshi/.m2/repository/org/springframework/boot/spring-boot-starter-test/3.0.3/spring-boot-starter-test-3.0.3.jar:/Users/chaitalijoshi/.m2/repository/org/springframework/boot/spring-boot-test/3.0.3/spring-boot-test-3.0.3.jar:/Users/chaitalijoshi/.m2/repository/org/springframework/boot/spring-boot-test-autoconfigure/3.0.3/spring-boot-test-autoconfigure-3.0.3.jar:/Users/chaitalijoshi/.m2/repository/com/jayway/jsonpath/json-path/2.7.0/json-path-2.7.0.jar:/Users/chaitalijoshi/.m2/repository/net/minidev/json-smart/2.4.8/json-smart-2.4.8.jar:/Users/chaitalijoshi/.m2/repository/net/minidev/accessors-smart/2.4.8/accessors-smart-2.4.8.jar:/Users/chaitalijoshi/.m2/repository/org/ow2/asm/asm/9.1/asm-9.1.jar:/Users/chaitalijoshi/.m2/repository/org/slf4j/slf4j-api/2.0.6/slf4j-api-2.0.6.jar:/Users/chaitalijoshi/.m2/repository/jakarta/xml/bind/jakarta.xml.bind-api/4.0.0/jakarta.xml.bind-api-4.0.0.jar:/Users/chaitalijoshi/.m2/repository/jakarta/activation/jakarta.activation-api/2.1.1/jakarta.activation-api-2.1.1.jar:/Users/chaitalijoshi/.m2/repository/org/assertj/assertj-core/3.23.1/assertj-core-3.23.1.jar:/Users/chaitalijoshi/.m2/repository/net/bytebuddy/byte-buddy/1.12.23/byte-buddy-1.12.23.jar:/Users/chaitalijoshi/.m2/repository/org/hamcrest/hamcrest/2.2/hamcrest-2.2.jar:/Users/chaitalijoshi/.m2/repository/org/junit/jupiter/junit-jupiter/5.9.2/junit-jupiter-5.9.2.jar:/Users/chaitalijoshi/.m2/repository/org/junit/jupiter/junit-jupiter-api/5.9.2/junit-jupiter-api-5.9.2.jar:/Users/chaitalijoshi/.m2/repository/org/opentest4j/opentest4j/1.2.0/opentest4j-1.2.0.jar:/Users/chaitalijoshi/.m2/repository/org/junit/platform/junit-platform-commons/1.9.2/junit-platform-commons-1.9.2.jar:/Users/chaitalijoshi/.m2/repository/org/apiguardian/apiguardian-api/1.1.2/apiguardian-api-1.1.2.jar:/Users/chaitalijoshi/.m2/repository/org/junit/jupiter/junit-jupiter-params/5.9.2/junit-jupiter-params-5.9.2.jar:/Users/chaitalijoshi/.m2/repository/org/junit/jupiter/junit-jupiter-engine/5.9.2/junit-jupiter-engine-5.9.2.jar:/Users/chaitalijoshi/.m2/repository/org/junit/platform/junit-platform-engine/1.9.2/junit-platform-engine-1.9.2.jar:/Users/chaitalijoshi/.m2/repository/org/mockito/mockito-core/4.8.1/mockito-core-4.8.1.jar:/Users/chaitalijoshi/.m2/repository/net/bytebuddy/byte-buddy-agent/1.12.23/byte-buddy-agent-1.12.23.jar:/Users/chaitalijoshi/.m2/repository/org/objenesis/objenesis/3.2/objenesis-3.2.jar:/Users/chaitalijoshi/.m2/repository/org/mockito/mockito-junit-jupiter/4.8.1/mockito-junit-jupiter-4.8.1.jar:/Users/chaitalijoshi/.m2/repository/org/skyscreamer/jsonassert/1.5.1/jsonassert-1.5.1.jar:/Users/chaitalijoshi/.m2/repository/com/vaadin/external/google/android-json/0.0.20131108.vaadin1/android-json-0.0.20131108.vaadin1.jar:/Users/chaitalijoshi/.m2/repository/org/springframework/spring-test/6.0.5/spring-test-6.0.5.jar:/Users/chaitalijoshi/.m2/repository/org/xmlunit/xmlunit-core/2.9.1/xmlunit-core-2.9.1.jar:/Users/chaitalijoshi/.m2/repository/io/projectreactor/reactor-test/3.5.3/reactor-test-3.5.3.jar:/Users/chaitalijoshi/.m2/repository/org/apache/tika/tika-core/1.22/tika-core-1.22.jar:"/>
    <property name="sun.cpu.endian" value="little"/>
    <property name="user.home" value="/Users/chaitalijoshi"/>
    <property name="user.language" value="en"/>
    <property name="java.specification.vendor" value="Oracle Corporation"/>
    <property name="java.version.date" value="2024-03-19"/>
    <property name="java.home" value="/Library/Java/JavaVirtualMachines/graalvm-jdk-22+36.1/Contents/Home"/>
    <property name="file.separator" value="/"/>
    <property name="basedir" value="/Users/chaitalijoshi/Downloads/CLIApplication_multitone"/>
    <property name="java.vm.compressedOopsMode" value="Zero based"/>
    <property name="jdk.internal.vm.ci.enabled" value="true"/>
    <property name="line.separator" value="&#10;"/>
    <property name="java.vm.specification.vendor" value="Oracle Corporation"/>
    <property name="java.specification.name" value="Java Platform API Specification"/>
    <property name="apple.awt.application.name" value="ForkedBooter"/>
    <property name="surefire.real.class.path" value="/Users/chaitalijoshi/Downloads/CLIApplication_multitone/target/surefire/surefirebooter729648715046328353.jar"/>
    <property name="junit.platform.listeners.uid.tracking.enabled" value="true"/>
    <property name="sun.management.compiler" value="HotSpot 64-Bit Tiered Compilers"/>
    <property name="ftp.nonProxyHosts" value="local|*.local|169.254/16|*.169.254/16"/>
    <property name="junit.platform.listeners.uid.tracking.output.dir" value="/Users/chaitalijoshi/Downloads/CLIApplication_multitone/target/test-ids"/>
    <property name="java.runtime.version" value="22+36-jvmci-b02"/>
    <property name="user.name" value="chaitalijoshi"/>
    <property name="stdout.encoding" value="UTF-8"/>
    <property name="path.separator" value=":"/>
    <property name="os.version" value="13.4"/>
    <property name="java.runtime.name" value="Java(TM) SE Runtime Environment"/>
    <property name="file.encoding" value="UTF-8"/>
    <property name="java.vm.name" value="Java HotSpot(TM) 64-Bit Server VM"/>
    <property name="java.vendor.version" value="Oracle GraalVM 22+36.1"/>
    <property name="localRepository" value="/Users/chaitalijoshi/.m2/repository"/>
    <property name="java.vendor.url.bug" value="https://bugreport.java.com/bugreport/"/>
    <property name="java.io.tmpdir" value="/var/folders/5q/50xtzc5524l39747rl7v1l880000gn/T/"/>
    <property name="java.version" value="22"/>
    <property name="user.dir" value="/Users/chaitalijoshi/Downloads/CLIApplication_multitone"/>
    <property name="os.arch" value="aarch64"/>
    <property name="java.vm.specification.name" value="Java Virtual Machine Specification"/>
    <property name="native.encoding" value="UTF-8"/>
    <property name="java.library.path" value="/Users/chaitalijoshi/Library/Java/Extensions:/Library/Java/Extensions:/Network/Library/Java/Extensions:/System/Library/Java/Extensions:/usr/lib/java:."/>
    <property name="java.vm.info" value="mixed mode, sharing"/>
    <property name="stderr.encoding" value="UTF-8"/>
    <property name="java.vendor" value="Oracle Corporation"/>
    <property name="java.vm.version" value="22+36-jvmci-b02"/>
    <property name="sun.io.unicode.encoding" value="UnicodeBig"/>
    <property name="socksNonProxyHosts" value="local|*.local|169.254/16|*.169.254/16"/>
    <property name="java.class.version" value="66.0"/>
  </properties>
  <testcase name="testIsFileSizeLessThan1MB" classname="dev.chaitaliJ.CLIApplication.Validator.FileValidatorTest" time="0"/>
  <testcase name="testFileExists" classname="dev.chaitaliJ.CLIApplication.Validator.FileValidatorTest" time="0"/>
  <testcase name="testIsTextFile" classname="dev.chaitaliJ.CLIApplication.Validator.FileValidatorTest" time="0"/>
</testsuite>